{"D:\\VIMES\\warehouse-receipt-app\\backend\\src\\models\\donVi.model.ts": {"path":"D:\\VIMES\\warehouse-receipt-app\\backend\\src\\models\\donVi.model.ts","statementMap":{"0":{"start":{"line":1,"column":0},"end":{"line":1,"column":32}},"1":{"start":{"line":6,"column":19},"end":{"line":6,"column":75}},"2":{"start":{"line":7,"column":4},"end":{"line":7,"column":23}},"3":{"start":{"line":11,"column":19},"end":{"line":11,"column":79}},"4":{"start":{"line":12,"column":4},"end":{"line":12,"column":34}},"5":{"start":{"line":16,"column":19},"end":{"line":18,"column":null}},"6":{"start":{"line":20,"column":4},"end":{"line":20,"column":26}},"7":{"start":{"line":4,"column":0},"end":{"line":4,"column":13}}},"fnMap":{"0":{"name":"(anonymous_1)","decl":{"start":{"line":5,"column":2},"end":{"line":5,"column":8}},"loc":{"start":{"line":5,"column":22},"end":{"line":8,"column":3}}},"1":{"name":"(anonymous_2)","decl":{"start":{"line":10,"column":2},"end":{"line":10,"column":8}},"loc":{"start":{"line":10,"column":34},"end":{"line":13,"column":3}}},"2":{"name":"(anonymous_3)","decl":{"start":{"line":15,"column":2},"end":{"line":15,"column":8}},"loc":{"start":{"line":15,"column":61},"end":{"line":21,"column":3}}}},"branchMap":{"0":{"loc":{"start":{"line":12,"column":11},"end":{"line":12,"column":33}},"type":"binary-expr","locations":[{"start":{"line":12,"column":11},"end":{"line":12,"column":25}},{"start":{"line":12,"column":29},"end":{"line":12,"column":33}}]},"1":{"loc":{"start":{"line":18,"column":24},"end":{"line":18,"column":44}},"type":"binary-expr","locations":[{"start":{"line":18,"column":24},"end":{"line":18,"column":36}},{"start":{"line":18,"column":40},"end":{"line":18,"column":44}}]}},"s":{"0":1,"1":1,"2":1,"3":2,"4":2,"5":1,"6":1,"7":1},"f":{"0":1,"1":2,"2":1},"b":{"0":[2,1],"1":[1,0]}}
,"D:\\VIMES\\warehouse-receipt-app\\backend\\src\\models\\hangHoa.model.ts": {"path":"D:\\VIMES\\warehouse-receipt-app\\backend\\src\\models\\hangHoa.model.ts","statementMap":{"0":{"start":{"line":1,"column":0},"end":{"line":1,"column":32}},"1":{"start":{"line":6,"column":19},"end":{"line":6,"column":77}},"2":{"start":{"line":7,"column":4},"end":{"line":7,"column":23}},"3":{"start":{"line":11,"column":19},"end":{"line":11,"column":81}},"4":{"start":{"line":12,"column":4},"end":{"line":12,"column":34}},"5":{"start":{"line":16,"column":19},"end":{"line":19,"column":null}},"6":{"start":{"line":21,"column":4},"end":{"line":21,"column":26}},"7":{"start":{"line":4,"column":0},"end":{"line":4,"column":13}}},"fnMap":{"0":{"name":"(anonymous_1)","decl":{"start":{"line":5,"column":2},"end":{"line":5,"column":8}},"loc":{"start":{"line":5,"column":22},"end":{"line":8,"column":3}}},"1":{"name":"(anonymous_2)","decl":{"start":{"line":10,"column":2},"end":{"line":10,"column":8}},"loc":{"start":{"line":10,"column":34},"end":{"line":13,"column":3}}},"2":{"name":"(anonymous_3)","decl":{"start":{"line":15,"column":2},"end":{"line":15,"column":8}},"loc":{"start":{"line":15,"column":63},"end":{"line":22,"column":3}}}},"branchMap":{"0":{"loc":{"start":{"line":12,"column":11},"end":{"line":12,"column":33}},"type":"binary-expr","locations":[{"start":{"line":12,"column":11},"end":{"line":12,"column":25}},{"start":{"line":12,"column":29},"end":{"line":12,"column":33}}]},"1":{"loc":{"start":{"line":19,"column":22},"end":{"line":19,"column":44}},"type":"binary-expr","locations":[{"start":{"line":19,"column":22},"end":{"line":19,"column":36}},{"start":{"line":19,"column":40},"end":{"line":19,"column":44}}]},"2":{"loc":{"start":{"line":19,"column":46},"end":{"line":19,"column":77}},"type":"binary-expr","locations":[{"start":{"line":19,"column":46},"end":{"line":19,"column":69}},{"start":{"line":19,"column":73},"end":{"line":19,"column":77}}]},"3":{"loc":{"start":{"line":19,"column":79},"end":{"line":19,"column":97}},"type":"binary-expr","locations":[{"start":{"line":19,"column":79},"end":{"line":19,"column":89}},{"start":{"line":19,"column":93},"end":{"line":19,"column":97}}]},"4":{"loc":{"start":{"line":19,"column":99},"end":{"line":19,"column":123}},"type":"binary-expr","locations":[{"start":{"line":19,"column":99},"end":{"line":19,"column":115}},{"start":{"line":19,"column":119},"end":{"line":19,"column":123}}]}},"s":{"0":1,"1":1,"2":1,"3":2,"4":2,"5":1,"6":1,"7":1},"f":{"0":1,"1":2,"2":1},"b":{"0":[2,1],"1":[1,0],"2":[1,0],"3":[1,0],"4":[1,0]}}
,"D:\\VIMES\\warehouse-receipt-app\\backend\\src\\models\\nguoiDung.model.ts": {"path":"D:\\VIMES\\warehouse-receipt-app\\backend\\src\\models\\nguoiDung.model.ts","statementMap":{"0":{"start":{"line":1,"column":0},"end":{"line":1,"column":32}},"1":{"start":{"line":6,"column":19},"end":{"line":6,"column":79}},"2":{"start":{"line":7,"column":4},"end":{"line":7,"column":23}},"3":{"start":{"line":11,"column":19},"end":{"line":11,"column":83}},"4":{"start":{"line":12,"column":4},"end":{"line":12,"column":34}},"5":{"start":{"line":16,"column":19},"end":{"line":18,"column":null}},"6":{"start":{"line":20,"column":4},"end":{"line":20,"column":26}},"7":{"start":{"line":4,"column":0},"end":{"line":4,"column":13}}},"fnMap":{"0":{"name":"(anonymous_1)","decl":{"start":{"line":5,"column":2},"end":{"line":5,"column":8}},"loc":{"start":{"line":5,"column":22},"end":{"line":8,"column":3}}},"1":{"name":"(anonymous_2)","decl":{"start":{"line":10,"column":2},"end":{"line":10,"column":8}},"loc":{"start":{"line":10,"column":34},"end":{"line":13,"column":3}}},"2":{"name":"(anonymous_3)","decl":{"start":{"line":15,"column":2},"end":{"line":15,"column":8}},"loc":{"start":{"line":15,"column":65},"end":{"line":21,"column":3}}}},"branchMap":{"0":{"loc":{"start":{"line":12,"column":11},"end":{"line":12,"column":33}},"type":"binary-expr","locations":[{"start":{"line":12,"column":11},"end":{"line":12,"column":25}},{"start":{"line":12,"column":29},"end":{"line":12,"column":33}}]},"1":{"loc":{"start":{"line":18,"column":20},"end":{"line":18,"column":40}},"type":"binary-expr","locations":[{"start":{"line":18,"column":20},"end":{"line":18,"column":32}},{"start":{"line":18,"column":36},"end":{"line":18,"column":40}}]},"2":{"loc":{"start":{"line":18,"column":42},"end":{"line":18,"column":68}},"type":"binary-expr","locations":[{"start":{"line":18,"column":42},"end":{"line":18,"column":60}},{"start":{"line":18,"column":64},"end":{"line":18,"column":68}}]},"3":{"loc":{"start":{"line":18,"column":70},"end":{"line":18,"column":88}},"type":"binary-expr","locations":[{"start":{"line":18,"column":70},"end":{"line":18,"column":80}},{"start":{"line":18,"column":84},"end":{"line":18,"column":88}}]}},"s":{"0":1,"1":1,"2":1,"3":2,"4":2,"5":1,"6":1,"7":1},"f":{"0":1,"1":2,"2":1},"b":{"0":[2,1],"1":[1,0],"2":[1,0],"3":[1,0]}}
,"D:\\VIMES\\warehouse-receipt-app\\backend\\src\\models\\receipt.model.ts": {"path":"D:\\VIMES\\warehouse-receipt-app\\backend\\src\\models\\receipt.model.ts","statementMap":{"0":{"start":{"line":1,"column":0},"end":{"line":1,"column":32}},"1":{"start":{"line":7,"column":18},"end":{"line":17,"column":6}},"2":{"start":{"line":18,"column":19},"end":{"line":36,"column":6}},"3":{"start":{"line":37,"column":19},"end":{"line":37,"column":50}},"4":{"start":{"line":38,"column":4},"end":{"line":38,"column":47}},"5":{"start":{"line":42,"column":18},"end":{"line":62,"column":6}},"6":{"start":{"line":63,"column":19},"end":{"line":68,"column":6}},"7":{"start":{"line":69,"column":19},"end":{"line":69,"column":50}},"8":{"start":{"line":70,"column":4},"end":{"line":70,"column":46}},"9":{"start":{"line":70,"column":34},"end":{"line":70,"column":46}},"10":{"start":{"line":71,"column":4},"end":{"line":71,"column":47}},"11":{"start":{"line":76,"column":18},"end":{"line":90,"column":6}},"12":{"start":{"line":91,"column":19},"end":{"line":91,"column":42}},"13":{"start":{"line":92,"column":4},"end":{"line":92,"column":69}},"14":{"start":{"line":92,"column":42},"end":{"line":92,"column":66}},"15":{"start":{"line":97,"column":18},"end":{"line":111,"column":6}},"16":{"start":{"line":112,"column":19},"end":{"line":112,"column":48}},"17":{"start":{"line":113,"column":4},"end":{"line":113,"column":46}},"18":{"start":{"line":113,"column":34},"end":{"line":113,"column":46}},"19":{"start":{"line":114,"column":4},"end":{"line":114,"column":47}},"20":{"start":{"line":119,"column":4},"end":{"line":122,"column":6}},"21":{"start":{"line":127,"column":4},"end":{"line":130,"column":6}},"22":{"start":{"line":135,"column":19},"end":{"line":135,"column":98}},"23":{"start":{"line":136,"column":4},"end":{"line":136,"column":59}},"24":{"start":{"line":141,"column":18},"end":{"line":141,"column":28}},"25":{"start":{"line":142,"column":20},"end":{"line":142,"column":70}},"26":{"start":{"line":143,"column":19},"end":{"line":143,"column":34}},"27":{"start":{"line":145,"column":19},"end":{"line":147,"column":null}},"28":{"start":{"line":150,"column":18},"end":{"line":150,"column":19}},"29":{"start":{"line":151,"column":4},"end":{"line":155,"column":5}},"30":{"start":{"line":152,"column":25},"end":{"line":152,"column":48}},"31":{"start":{"line":153,"column":22},"end":{"line":153,"column":66}},"32":{"start":{"line":154,"column":6},"end":{"line":154,"column":28}},"33":{"start":{"line":157,"column":4},"end":{"line":157,"column":59}},"34":{"start":{"line":4,"column":0},"end":{"line":4,"column":13}}},"fnMap":{"0":{"name":"(anonymous_1)","decl":{"start":{"line":6,"column":2},"end":{"line":6,"column":8}},"loc":{"start":{"line":6,"column":50},"end":{"line":39,"column":3}}},"1":{"name":"(anonymous_2)","decl":{"start":{"line":41,"column":2},"end":{"line":41,"column":8}},"loc":{"start":{"line":41,"column":62},"end":{"line":72,"column":3}}},"2":{"name":"(anonymous_3)","decl":{"start":{"line":75,"column":2},"end":{"line":75,"column":8}},"loc":{"start":{"line":75,"column":22},"end":{"line":93,"column":3}}},"3":{"name":"(anonymous_4)","decl":{"start":{"line":92,"column":27},"end":{"line":92,"column":28}},"loc":{"start":{"line":92,"column":42},"end":{"line":92,"column":66}}},"4":{"name":"(anonymous_5)","decl":{"start":{"line":96,"column":2},"end":{"line":96,"column":8}},"loc":{"start":{"line":96,"column":34},"end":{"line":115,"column":3}}},"5":{"name":"(anonymous_6)","decl":{"start":{"line":118,"column":2},"end":{"line":118,"column":8}},"loc":{"start":{"line":118,"column":64},"end":{"line":123,"column":3}}},"6":{"name":"(anonymous_7)","decl":{"start":{"line":126,"column":2},"end":{"line":126,"column":8}},"loc":{"start":{"line":126,"column":57},"end":{"line":131,"column":3}}},"7":{"name":"(anonymous_8)","decl":{"start":{"line":134,"column":2},"end":{"line":134,"column":8}},"loc":{"start":{"line":134,"column":32},"end":{"line":137,"column":3}}},"8":{"name":"(anonymous_9)","decl":{"start":{"line":140,"column":2},"end":{"line":140,"column":8}},"loc":{"start":{"line":140,"column":30},"end":{"line":158,"column":3}}}},"branchMap":{"0":{"loc":{"start":{"line":21,"column":6},"end":{"line":21,"column":21}},"type":"binary-expr","locations":[{"start":{"line":21,"column":6},"end":{"line":21,"column":13}},{"start":{"line":21,"column":17},"end":{"line":21,"column":21}}]},"1":{"loc":{"start":{"line":22,"column":6},"end":{"line":22,"column":21}},"type":"binary-expr","locations":[{"start":{"line":22,"column":6},"end":{"line":22,"column":13}},{"start":{"line":22,"column":17},"end":{"line":22,"column":21}}]},"2":{"loc":{"start":{"line":23,"column":6},"end":{"line":23,"column":30}},"type":"binary-expr","locations":[{"start":{"line":23,"column":6},"end":{"line":23,"column":22}},{"start":{"line":23,"column":26},"end":{"line":23,"column":30}}]},"3":{"loc":{"start":{"line":24,"column":6},"end":{"line":24,"column":32}},"type":"binary-expr","locations":[{"start":{"line":24,"column":6},"end":{"line":24,"column":24}},{"start":{"line":24,"column":28},"end":{"line":24,"column":32}}]},"4":{"loc":{"start":{"line":25,"column":6},"end":{"line":25,"column":31}},"type":"binary-expr","locations":[{"start":{"line":25,"column":6},"end":{"line":25,"column":23}},{"start":{"line":25,"column":27},"end":{"line":25,"column":31}}]},"5":{"loc":{"start":{"line":26,"column":6},"end":{"line":26,"column":27}},"type":"binary-expr","locations":[{"start":{"line":26,"column":6},"end":{"line":26,"column":19}},{"start":{"line":26,"column":23},"end":{"line":26,"column":27}}]},"6":{"loc":{"start":{"line":27,"column":6},"end":{"line":27,"column":28}},"type":"binary-expr","locations":[{"start":{"line":27,"column":6},"end":{"line":27,"column":23}},{"start":{"line":27,"column":27},"end":{"line":27,"column":28}}]},"7":{"loc":{"start":{"line":28,"column":6},"end":{"line":28,"column":35}},"type":"binary-expr","locations":[{"start":{"line":28,"column":6},"end":{"line":28,"column":27}},{"start":{"line":28,"column":31},"end":{"line":28,"column":35}}]},"8":{"loc":{"start":{"line":29,"column":6},"end":{"line":29,"column":34}},"type":"binary-expr","locations":[{"start":{"line":29,"column":6},"end":{"line":29,"column":26}},{"start":{"line":29,"column":30},"end":{"line":29,"column":34}}]},"9":{"loc":{"start":{"line":30,"column":6},"end":{"line":30,"column":31}},"type":"binary-expr","locations":[{"start":{"line":30,"column":6},"end":{"line":30,"column":21}},{"start":{"line":30,"column":25},"end":{"line":30,"column":31}}]},"10":{"loc":{"start":{"line":32,"column":6},"end":{"line":32,"column":31}},"type":"binary-expr","locations":[{"start":{"line":32,"column":6},"end":{"line":32,"column":23}},{"start":{"line":32,"column":27},"end":{"line":32,"column":31}}]},"11":{"loc":{"start":{"line":33,"column":6},"end":{"line":33,"column":32}},"type":"binary-expr","locations":[{"start":{"line":33,"column":6},"end":{"line":33,"column":24}},{"start":{"line":33,"column":28},"end":{"line":33,"column":32}}]},"12":{"loc":{"start":{"line":34,"column":6},"end":{"line":34,"column":29}},"type":"binary-expr","locations":[{"start":{"line":34,"column":6},"end":{"line":34,"column":21}},{"start":{"line":34,"column":25},"end":{"line":34,"column":29}}]},"13":{"loc":{"start":{"line":35,"column":6},"end":{"line":35,"column":29}},"type":"binary-expr","locations":[{"start":{"line":35,"column":6},"end":{"line":35,"column":21}},{"start":{"line":35,"column":25},"end":{"line":35,"column":29}}]},"14":{"loc":{"start":{"line":70,"column":4},"end":{"line":70,"column":46}},"type":"if","locations":[{"start":{"line":70,"column":4},"end":{"line":70,"column":46}},{"start":{},"end":{}}]},"15":{"loc":{"start":{"line":113,"column":4},"end":{"line":113,"column":46}},"type":"if","locations":[{"start":{"line":113,"column":4},"end":{"line":113,"column":46}},{"start":{},"end":{}}]},"16":{"loc":{"start":{"line":136,"column":11},"end":{"line":136,"column":58}},"type":"binary-expr","locations":[{"start":{"line":136,"column":11},"end":{"line":136,"column":35}},{"start":{"line":136,"column":39},"end":{"line":136,"column":58}}]},"17":{"loc":{"start":{"line":151,"column":4},"end":{"line":155,"column":5}},"type":"if","locations":[{"start":{"line":151,"column":4},"end":{"line":155,"column":5}},{"start":{},"end":{}}]},"18":{"loc":{"start":{"line":153,"column":31},"end":{"line":153,"column":65}},"type":"binary-expr","locations":[{"start":{"line":153,"column":31},"end":{"line":153,"column":58}},{"start":{"line":153,"column":62},"end":{"line":153,"column":65}}]}},"s":{"0":1,"1":0,"2":0,"3":0,"4":0,"5":0,"6":0,"7":0,"8":0,"9":0,"10":0,"11":1,"12":1,"13":1,"14":1,"15":2,"16":2,"17":2,"18":1,"19":1,"20":0,"21":1,"22":2,"23":2,"24":0,"25":0,"26":0,"27":0,"28":0,"29":0,"30":0,"31":0,"32":0,"33":0,"34":1},"f":{"0":0,"1":0,"2":1,"3":1,"4":2,"5":0,"6":1,"7":2,"8":0},"b":{"0":[0,0],"1":[0,0],"2":[0,0],"3":[0,0],"4":[0,0],"5":[0,0],"6":[0,0],"7":[0,0],"8":[0,0],"9":[0,0],"10":[0,0],"11":[0,0],"12":[0,0],"13":[0,0],"14":[0,0],"15":[1,1],"16":[2,2],"17":[0,0],"18":[0,0]}}
}
