TN:
SF:src\models\donVi.model.ts
FN:5,(anonymous_1)
FN:10,(anonymous_2)
FN:15,(anonymous_3)
FNF:3
FNH:3
FNDA:1,(anonymous_1)
FNDA:2,(anonymous_2)
FNDA:1,(anonymous_3)
DA:1,1
DA:4,1
DA:6,1
DA:7,1
DA:11,2
DA:12,2
DA:16,1
DA:20,1
LF:8
LH:8
BRDA:12,0,0,2
BRDA:12,0,1,1
BRDA:18,1,0,1
BRDA:18,1,1,0
BRF:4
BRH:3
end_of_record
TN:
SF:src\models\hangHoa.model.ts
FN:5,(anonymous_1)
FN:10,(anonymous_2)
FN:15,(anonymous_3)
FNF:3
FNH:3
FNDA:1,(anonymous_1)
FNDA:2,(anonymous_2)
FNDA:1,(anonymous_3)
DA:1,1
DA:4,1
DA:6,1
DA:7,1
DA:11,2
DA:12,2
DA:16,1
DA:21,1
LF:8
LH:8
BRDA:12,0,0,2
BRDA:12,0,1,1
BRDA:19,1,0,1
BRDA:19,1,1,0
BRDA:19,2,0,1
BRDA:19,2,1,0
BRDA:19,3,0,1
BRDA:19,3,1,0
BRDA:19,4,0,1
BRDA:19,4,1,0
BRF:10
BRH:6
end_of_record
TN:
SF:src\models\nguoiDung.model.ts
FN:5,(anonymous_1)
FN:10,(anonymous_2)
FN:15,(anonymous_3)
FNF:3
FNH:3
FNDA:1,(anonymous_1)
FNDA:2,(anonymous_2)
FNDA:1,(anonymous_3)
DA:1,1
DA:4,1
DA:6,1
DA:7,1
DA:11,2
DA:12,2
DA:16,1
DA:20,1
LF:8
LH:8
BRDA:12,0,0,2
BRDA:12,0,1,1
BRDA:18,1,0,1
BRDA:18,1,1,0
BRDA:18,2,0,1
BRDA:18,2,1,0
BRDA:18,3,0,1
BRDA:18,3,1,0
BRF:8
BRH:5
end_of_record
TN:
SF:src\models\receipt.model.ts
FN:6,(anonymous_1)
FN:41,(anonymous_2)
FN:75,(anonymous_3)
FN:92,(anonymous_4)
FN:96,(anonymous_5)
FN:118,(anonymous_6)
FN:126,(anonymous_7)
FN:134,(anonymous_8)
FN:140,(anonymous_9)
FNF:9
FNH:5
FNDA:0,(anonymous_1)
FNDA:0,(anonymous_2)
FNDA:1,(anonymous_3)
FNDA:1,(anonymous_4)
FNDA:2,(anonymous_5)
FNDA:0,(anonymous_6)
FNDA:1,(anonymous_7)
FNDA:2,(anonymous_8)
FNDA:0,(anonymous_9)
DA:1,1
DA:4,1
DA:7,0
DA:18,0
DA:37,0
DA:38,0
DA:42,0
DA:63,0
DA:69,0
DA:70,0
DA:71,0
DA:76,1
DA:91,1
DA:92,1
DA:97,2
DA:112,2
DA:113,2
DA:114,1
DA:119,0
DA:127,1
DA:135,2
DA:136,2
DA:141,0
DA:142,0
DA:143,0
DA:145,0
DA:150,0
DA:151,0
DA:152,0
DA:153,0
DA:154,0
DA:157,0
LF:32
LH:12
BRDA:21,0,0,0
BRDA:21,0,1,0
BRDA:22,1,0,0
BRDA:22,1,1,0
BRDA:23,2,0,0
BRDA:23,2,1,0
BRDA:24,3,0,0
BRDA:24,3,1,0
BRDA:25,4,0,0
BRDA:25,4,1,0
BRDA:26,5,0,0
BRDA:26,5,1,0
BRDA:27,6,0,0
BRDA:27,6,1,0
BRDA:28,7,0,0
BRDA:28,7,1,0
BRDA:29,8,0,0
BRDA:29,8,1,0
BRDA:30,9,0,0
BRDA:30,9,1,0
BRDA:32,10,0,0
BRDA:32,10,1,0
BRDA:33,11,0,0
BRDA:33,11,1,0
BRDA:34,12,0,0
BRDA:34,12,1,0
BRDA:35,13,0,0
BRDA:35,13,1,0
BRDA:70,14,0,0
BRDA:70,14,1,0
BRDA:113,15,0,1
BRDA:113,15,1,1
BRDA:136,16,0,2
BRDA:136,16,1,2
BRDA:151,17,0,0
BRDA:151,17,1,0
BRDA:153,18,0,0
BRDA:153,18,1,0
BRF:38
BRH:4
end_of_record
